2025-10-11 15:36:50 [main] INFO  testCases.TC001_AccountRegistrationTest - ****Starting TC001_AccountRegistrationTest****
2025-10-11 15:36:51 [main] INFO  testCases.TC001_AccountRegistrationTest - ****clicked on My account link****
2025-10-11 15:36:52 [main] INFO  testCases.TC001_AccountRegistrationTest - ****clicked on My Register link****
2025-10-11 15:36:52 [main] INFO  testCases.TC001_AccountRegistrationTest - ****Providing customer details****
2025-10-11 15:36:54 [main] INFO  testCases.TC001_AccountRegistrationTest - ****Validating expected message****
2025-10-11 15:36:54 [main] INFO  testCases.TC001_AccountRegistrationTest - ****Finished TC001_AccountRegistrationTest****
2025-10-11 15:42:19 [main] INFO  testCases.TC001_AccountRegistrationTest - ****Starting TC001_AccountRegistrationTest****
2025-10-11 15:42:20 [main] INFO  testCases.TC001_AccountRegistrationTest - ****clicked on My account link****
2025-10-11 15:42:21 [main] INFO  testCases.TC001_AccountRegistrationTest - ****clicked on My Register link****
2025-10-11 15:42:21 [main] INFO  testCases.TC001_AccountRegistrationTest - ****Providing customer details****
2025-10-11 15:42:24 [main] INFO  testCases.TC001_AccountRegistrationTest - ****Validating expected message****
2025-10-11 15:42:24 [main] INFO  testCases.TC001_AccountRegistrationTest - ****Finished TC001_AccountRegistrationTest****
2025-10-11 16:04:25 [main] INFO  testCases.TC001_AccountRegistrationTest - ****Starting TC001_AccountRegistrationTest****
2025-10-11 16:04:26 [main] INFO  testCases.TC001_AccountRegistrationTest - ****clicked on My account link****
2025-10-11 16:04:26 [main] INFO  testCases.TC001_AccountRegistrationTest - ****clicked on My Register link****
2025-10-11 16:04:26 [main] INFO  testCases.TC001_AccountRegistrationTest - ****Providing customer details****
2025-10-11 16:04:28 [main] INFO  testCases.TC001_AccountRegistrationTest - ****Validating expected message****
2025-10-11 16:04:28 [main] INFO  testCases.TC001_AccountRegistrationTest - ****Finished TC001_AccountRegistrationTest****
2025-10-11 16:07:18 [main] INFO  testCases.TC001_AccountRegistrationTest - ****Starting TC001_AccountRegistrationTest****
2025-10-11 16:07:19 [main] INFO  testCases.TC001_AccountRegistrationTest - ****clicked on My account link****
2025-10-11 16:07:19 [main] INFO  testCases.TC001_AccountRegistrationTest - ****clicked on My Register link****
2025-10-11 16:07:19 [main] INFO  testCases.TC001_AccountRegistrationTest - ****Providing customer details****
2025-10-11 16:07:21 [main] INFO  testCases.TC001_AccountRegistrationTest - ****Validating expected message****
2025-10-11 16:07:21 [main] INFO  testCases.TC001_AccountRegistrationTest - ****Finished TC001_AccountRegistrationTest****
2025-10-11 16:07:27 [main] INFO  testCases.TC001_AccountRegistrationTest - ****Starting TC001_AccountRegistrationTest****
2025-10-11 16:07:28 [main] INFO  testCases.TC001_AccountRegistrationTest - ****clicked on My account link****
2025-10-11 16:07:28 [main] INFO  testCases.TC001_AccountRegistrationTest - ****clicked on My Register link****
2025-10-11 16:07:28 [main] INFO  testCases.TC001_AccountRegistrationTest - ****Providing customer details****
2025-10-11 16:07:30 [main] INFO  testCases.TC001_AccountRegistrationTest - ****Validating expected message****
2025-10-11 16:07:30 [main] INFO  testCases.TC001_AccountRegistrationTest - ****Finished TC001_AccountRegistrationTest****
2025-10-11 16:07:37 [main] INFO  testCases.TC001_AccountRegistrationTest - ****Starting TC001_AccountRegistrationTest****
2025-10-11 16:07:37 [main] INFO  testCases.TC001_AccountRegistrationTest - ****clicked on My account link****
2025-10-11 16:07:38 [main] INFO  testCases.TC001_AccountRegistrationTest - ****clicked on My Register link****
2025-10-11 16:07:38 [main] INFO  testCases.TC001_AccountRegistrationTest - ****Providing customer details****
2025-10-11 16:07:41 [main] INFO  testCases.TC001_AccountRegistrationTest - ****Validating expected message****
2025-10-11 16:07:41 [main] INFO  testCases.TC001_AccountRegistrationTest - ****Finished TC001_AccountRegistrationTest****
2025-10-11 16:08:16 [TestNG-tests-3] INFO  testCases.TC001_AccountRegistrationTest - ****Starting TC001_AccountRegistrationTest****
2025-10-11 16:08:16 [TestNG-tests-2] INFO  testCases.TC001_AccountRegistrationTest - ****Starting TC001_AccountRegistrationTest****
2025-10-11 16:08:17 [TestNG-tests-2] INFO  testCases.TC001_AccountRegistrationTest - ****clicked on My account link****
2025-10-11 16:08:18 [TestNG-tests-3] INFO  testCases.TC001_AccountRegistrationTest - ****clicked on My account link****
2025-10-11 16:08:21 [TestNG-tests-2] INFO  testCases.TC001_AccountRegistrationTest - ****clicked on My Register link****
2025-10-11 16:08:21 [TestNG-tests-2] INFO  testCases.TC001_AccountRegistrationTest - ****Providing customer details****
2025-10-11 16:08:21 [TestNG-tests-3] INFO  testCases.TC001_AccountRegistrationTest - ****clicked on My Register link****
2025-10-11 16:08:21 [TestNG-tests-3] INFO  testCases.TC001_AccountRegistrationTest - ****Providing customer details****
2025-10-11 16:08:27 [TestNG-tests-2] INFO  testCases.TC001_AccountRegistrationTest - ****Validating expected message****
2025-10-11 16:08:27 [TestNG-tests-3] INFO  testCases.TC001_AccountRegistrationTest - ****Validating expected message****
2025-10-11 16:08:27 [TestNG-tests-3] INFO  testCases.TC001_AccountRegistrationTest - ****Finished TC001_AccountRegistrationTest****
2025-10-11 16:08:27 [TestNG-tests-2] INFO  testCases.TC001_AccountRegistrationTest - ****Finished TC001_AccountRegistrationTest****
2025-10-11 16:08:37 [TestNG-tests-1] INFO  testCases.TC001_AccountRegistrationTest - ****Starting TC001_AccountRegistrationTest****
2025-10-11 16:08:38 [TestNG-tests-1] INFO  testCases.TC001_AccountRegistrationTest - ****clicked on My account link****
2025-10-11 16:08:40 [TestNG-tests-1] INFO  testCases.TC001_AccountRegistrationTest - ****clicked on My Register link****
2025-10-11 16:08:40 [TestNG-tests-1] INFO  testCases.TC001_AccountRegistrationTest - ****Providing customer details****
2025-10-11 16:08:42 [TestNG-tests-1] INFO  testCases.TC001_AccountRegistrationTest - ****Validating expected message****
2025-10-11 16:08:42 [TestNG-tests-1] INFO  testCases.TC001_AccountRegistrationTest - ****Finished TC001_AccountRegistrationTest****
2025-10-11 16:16:22 [main] INFO  testCases.TC001_AccountRegistrationTest - ****Starting TC001_AccountRegistrationTest****
2025-10-11 16:16:23 [main] INFO  testCases.TC001_AccountRegistrationTest - ****clicked on My account link****
2025-10-11 16:16:24 [main] INFO  testCases.TC001_AccountRegistrationTest - ****clicked on My Register link****
2025-10-11 16:16:24 [main] INFO  testCases.TC001_AccountRegistrationTest - ****Providing customer details****
2025-10-11 16:16:26 [main] INFO  testCases.TC001_AccountRegistrationTest - ****Validating expected message****
2025-10-11 16:16:26 [main] INFO  testCases.TC001_AccountRegistrationTest - ****Finished TC001_AccountRegistrationTest****
2025-10-11 17:05:00 [main] INFO  testCases.TC002_LoginTest - **Starting TC002 Login Test**
2025-10-11 17:06:15 [main] INFO  testCases.TC002_LoginTest - **Starting TC002 Login Test**
2025-10-11 17:06:20 [main] INFO  testCases.TC002_LoginTest - **Finished TC002 Login Test**
