2025-10-12 16:22:30 [main] INFO  testCases.TC003_LoginDDT - Started TC003_LoginDDT Test
2025-10-12 16:22:32 [main] INFO  testCases.TC003_LoginDDT - Completed TC003_LoginDDT Test
2025-10-12 16:22:32 [main] INFO  testCases.TC003_LoginDDT - Started TC003_LoginDDT Test
2025-10-12 16:22:44 [main] INFO  testCases.TC003_LoginDDT - Completed TC003_LoginDDT Test
2025-10-12 16:22:44 [main] INFO  testCases.TC003_LoginDDT - Started TC003_LoginDDT Test
2025-10-12 16:22:55 [main] INFO  testCases.TC003_LoginDDT - Completed TC003_LoginDDT Test
2025-10-12 16:22:55 [main] INFO  testCases.TC003_LoginDDT - Started TC003_LoginDDT Test
2025-10-12 16:23:07 [main] INFO  testCases.TC003_LoginDDT - Completed TC003_LoginDDT Test
2025-10-12 16:23:07 [main] INFO  testCases.TC003_LoginDDT - Started TC003_LoginDDT Test
2025-10-12 16:23:09 [main] INFO  testCases.TC003_LoginDDT - Completed TC003_LoginDDT Test
2025-10-12 16:25:42 [main] INFO  testCases.TC003_LoginDDT - Started TC003_LoginDDT Test
2025-10-12 16:25:45 [main] INFO  testCases.TC003_LoginDDT - Completed TC003_LoginDDT Test
2025-10-12 16:25:45 [main] INFO  testCases.TC003_LoginDDT - Started TC003_LoginDDT Test
2025-10-12 16:25:57 [main] INFO  testCases.TC003_LoginDDT - Started TC003_LoginDDT Test
2025-10-12 16:26:09 [main] INFO  testCases.TC003_LoginDDT - Started TC003_LoginDDT Test
2025-10-12 16:26:20 [main] INFO  testCases.TC003_LoginDDT - Completed TC003_LoginDDT Test
2025-10-12 16:26:20 [main] INFO  testCases.TC003_LoginDDT - Started TC003_LoginDDT Test
2025-10-12 16:26:22 [main] INFO  testCases.TC003_LoginDDT - Completed TC003_LoginDDT Test
2025-10-12 16:31:04 [main] INFO  testCases.TC003_LoginDDT - Started TC003_LoginDDT Test
2025-10-12 16:31:12 [main] INFO  testCases.TC003_LoginDDT - Completed TC003_LoginDDT Test
2025-10-12 16:31:12 [main] INFO  testCases.TC003_LoginDDT - Started TC003_LoginDDT Test
2025-10-12 16:31:26 [main] INFO  testCases.TC003_LoginDDT - Started TC003_LoginDDT Test
2025-10-12 16:31:39 [main] INFO  testCases.TC003_LoginDDT - Started TC003_LoginDDT Test
2025-10-12 16:31:54 [main] INFO  testCases.TC003_LoginDDT - Completed TC003_LoginDDT Test
2025-10-12 16:31:54 [main] INFO  testCases.TC003_LoginDDT - Started TC003_LoginDDT Test
2025-10-12 16:31:59 [main] INFO  testCases.TC003_LoginDDT - Completed TC003_LoginDDT Test
2025-10-12 16:31:59 [main] INFO  testCases.TC003_LoginDDT - Started TC003_LoginDDT Test
2025-10-12 16:32:10 [main] INFO  testCases.TC003_LoginDDT - Started TC003_LoginDDT Test
2025-10-12 16:32:22 [main] INFO  testCases.TC003_LoginDDT - Started TC003_LoginDDT Test
2025-10-12 16:32:36 [main] INFO  testCases.TC003_LoginDDT - Completed TC003_LoginDDT Test
2025-10-12 16:58:58 [main] INFO  testCases.TC001_AccountRegistrationTest - ****Starting TC001_AccountRegistrationTest****
2025-10-12 16:58:59 [main] INFO  testCases.TC001_AccountRegistrationTest - ****clicked on My account link****
2025-10-12 16:58:59 [main] INFO  testCases.TC001_AccountRegistrationTest - ****clicked on My Register link****
2025-10-12 16:58:59 [main] INFO  testCases.TC001_AccountRegistrationTest - ****Providing customer details****
2025-10-12 16:59:02 [main] INFO  testCases.TC001_AccountRegistrationTest - ****Validating expected message****
2025-10-12 16:59:02 [main] INFO  testCases.TC001_AccountRegistrationTest - ****Finished TC001_AccountRegistrationTest****
2025-10-12 16:59:06 [main] INFO  testCases.TC002_LoginTest - **Starting TC002 Login Test**
2025-10-12 16:59:08 [main] INFO  testCases.TC002_LoginTest - **Finished TC002 Login Test**
2025-10-12 19:05:04 [main] INFO  testCases.TC003_LoginDDT - Started TC003_LoginDDT Test
2025-10-12 19:05:09 [main] INFO  testCases.TC003_LoginDDT - Completed TC003_LoginDDT Test
2025-10-12 19:05:09 [main] INFO  testCases.TC003_LoginDDT - Started TC003_LoginDDT Test
2025-10-12 19:05:21 [main] INFO  testCases.TC003_LoginDDT - Started TC003_LoginDDT Test
2025-10-12 19:05:33 [main] INFO  testCases.TC003_LoginDDT - Started TC003_LoginDDT Test
2025-10-12 19:05:47 [main] INFO  testCases.TC003_LoginDDT - Completed TC003_LoginDDT Test
2025-10-12 19:05:47 [main] INFO  testCases.TC003_LoginDDT - Started TC003_LoginDDT Test
2025-10-12 19:05:53 [main] INFO  testCases.TC003_LoginDDT - Completed TC003_LoginDDT Test
2025-10-12 19:05:53 [main] INFO  testCases.TC003_LoginDDT - Started TC003_LoginDDT Test
2025-10-12 19:06:04 [main] INFO  testCases.TC003_LoginDDT - Started TC003_LoginDDT Test
2025-10-12 19:06:16 [main] INFO  testCases.TC003_LoginDDT - Started TC003_LoginDDT Test
2025-10-12 19:06:30 [main] INFO  testCases.TC003_LoginDDT - Completed TC003_LoginDDT Test
